#
# There is insufficient memory for the Java Runtime Environment to continue.
# Native memory allocation (malloc) failed to allocate 1048576 bytes for AllocateHeap
# Possible reasons:
#   The system is out of physical RAM or swap space
#   The process is running with CompressedOops enabled, and the Java Heap may be blocking the growth of the native heap
# Possible solutions:
#   Reduce memory load on the system
#   Increase physical memory or swap space
#   Check if swap backing store is full
#   Decrease Java heap size (-Xmx/-Xms)
#   Decrease number of Java threads
#   Decrease Java thread stack sizes (-Xss)
#   Set larger code cache with -XX:ReservedCodeCacheSize=
#   JVM is running with Zero Based Compressed Oops mode in which the Java heap is
#     placed in the first 32GB address space. The Java Heap base address is the
#     maximum limit for the native heap growth. Please use -XX:HeapBaseMinAddress
#     to set the Java Heap base and to place the Java Heap above 32GB virtual address.
# This output file may be truncated or incomplete.
#
#  Out of Memory Error (allocation.cpp:46), pid=6448, tid=14456
#
# JRE version: OpenJDK Runtime Environment Corretto-11.0.21.9.1 (11.0.21+9) (build 11.0.21+9-LTS)
# Java VM: OpenJDK 64-Bit Server VM Corretto-11.0.21.9.1 (11.0.21+9-LTS, mixed mode, tiered, compressed oops, g1 gc, windows-amd64)
# No core dump will be written. Minidumps are not enabled by default on client versions of Windows
#

---------------  S U M M A R Y ------------

Command Line: -XX:TieredStopAtLevel=1 -Xverify:none -Dspring.output.ansi.enabled=always -Dcom.sun.management.jmxremote -Dspring.jmx.enabled=true -Dspring.liveBeansView.mbeanDomain -Dspring.application.admin.enabled=true -Dmanagement.endpoints.jmx.exposure.include=* -javaagent:C:\Program Files\JetBrains\IntelliJ IDEA 2023.2.2\lib\idea_rt.jar=57149:C:\Program Files\JetBrains\IntelliJ IDEA 2023.2.2\bin -Dfile.encoding=UTF-8 com.site.SDE.SdeApplication

Host: AMD Ryzen 5 3500U with Radeon Vega Mobile Gfx  , 8 cores, 9G,  Windows 11 , 64 bit Build 22621 (10.0.22621.2506)
Time: Tue Dec 19 11:18:32 2023 Afr. centrale Ouest elapsed time: 4.725977 seconds (0d 0h 0m 4s)

---------------  T H R E A D  ---------------

Current thread (0x000001eea9c38800):  VMThread "VM Thread" [stack: 0x0000005d45000000,0x0000005d45100000] [id=14456]

Stack: [0x0000005d45000000,0x0000005d45100000]
[error occurred during error reporting (printing stack bounds), id 0xc0000005, EXCEPTION_ACCESS_VIOLATION (0xc0000005) at pc=0x000001ee9104112d]

Native frames: (J=compiled Java code, j=interpreted, Vv=VM code, C=native code)
V  [jvm.dll+0x645f6a]
V  [jvm.dll+0x7da379]
V  [jvm.dll+0x7dba79]
V  [jvm.dll+0x7dc0c5]
V  [jvm.dll+0x7dc07b]
V  [jvm.dll+0x645275]
V  [jvm.dll+0x645978]
C  [ntdll.dll+0xa441f]
C  [ntdll.dll+0x1e466]
C  [ntdll.dll+0xa340e]
C  0x000001ee9104112d

VM_Operation (0x0000005d462fbea0): CollectForMetadataAllocation, mode: safepoint, requested by thread 0x000001eeab5a3000


---------------  P R O C E S S  ---------------

Threads class SMR info:
_java_thread_list=0x000001eeaa883870, length=15, elements={
0x000001ee870f4800, 0x000001eea9c5c800, 0x000001eea9c67800, 0x000001eea9cb9800,
0x000001eea9cba800, 0x000001eea9cbc800, 0x000001eea9cc0000, 0x000001eea9cc3000,
0x000001eea93f5000, 0x000001eeaa45e000, 0x000001eeaa5ba000, 0x000001eeaa759000,
0x000001eeaa01d800, 0x000001eeab5a1000, 0x000001eeab5a3000
}

Java Threads: ( => current thread )
  0x000001ee870f4800 JavaThread "main" [_thread_blocked, id=7724, stack(0x0000005d44a00000,0x0000005d44b00000)]
  0x000001eea9c5c800 JavaThread "Reference Handler" daemon [_thread_blocked, id=9728, stack(0x0000005d45100000,0x0000005d45200000)]
  0x000001eea9c67800 JavaThread "Finalizer" daemon [_thread_blocked, id=11240, stack(0x0000005d45200000,0x0000005d45300000)]
  0x000001eea9cb9800 JavaThread "Signal Dispatcher" daemon [_thread_blocked, id=8052, stack(0x0000005d45300000,0x0000005d45400000)]
  0x000001eea9cba800 JavaThread "Attach Listener" daemon [_thread_blocked, id=11540, stack(0x0000005d45400000,0x0000005d45500000)]
  0x000001eea9cbc800 JavaThread "Service Thread" daemon [_thread_blocked, id=12780, stack(0x0000005d45500000,0x0000005d45600000)]
  0x000001eea9cc0000 JavaThread "C1 CompilerThread0" daemon [_thread_blocked, id=11612, stack(0x0000005d45600000,0x0000005d45700000)]
  0x000001eea9cc3000 JavaThread "Sweeper thread" daemon [_thread_blocked, id=7420, stack(0x0000005d45700000,0x0000005d45800000)]
  0x000001eea93f5000 JavaThread "Common-Cleaner" daemon [_thread_blocked, id=18120, stack(0x0000005d45800000,0x0000005d45900000)]
  0x000001eeaa45e000 JavaThread "Monitor Ctrl-Break" daemon [_thread_in_native, id=1368, stack(0x0000005d45900000,0x0000005d45a00000)]
  0x000001eeaa5ba000 JavaThread "RMI TCP Accept-0" daemon [_thread_in_native, id=6760, stack(0x0000005d45a00000,0x0000005d45b00000)]
  0x000001eeaa759000 JavaThread "RMI TCP Connection(1)-192.168.1.22" daemon [_thread_blocked, id=4368, stack(0x0000005d45c00000,0x0000005d45d00000)]
  0x000001eeaa01d800 JavaThread "RMI Scheduler(0)" daemon [_thread_blocked, id=18024, stack(0x0000005d46000000,0x0000005d46100000)]
  0x000001eeab5a1000 JavaThread "Thread-0" [_thread_blocked, id=12080, stack(0x0000005d46100000,0x0000005d46200000)]
  0x000001eeab5a3000 JavaThread "restartedMain" [_thread_blocked, id=5616, stack(0x0000005d46200000,0x0000005d46300000)]

Other Threads:
=>0x000001eea9c38800 VMThread "VM Thread" [stack: 0x0000005d45000000,0x0000005d45100000] [id=14456]
  0x000001eeaa617800 WatcherThread [stack: 0x0000005d45b00000,0x0000005d45c00000] [id=17552]
  0x000001ee8710e800 GCTaskThread "GC Thread#0" [stack: 0x0000005d44b00000,0x0000005d44c00000] [id=14836]
  0x000001eeab515800 GCTaskThread "GC Thread#1" [stack: 0x0000005d45d00000,0x0000005d45e00000] [id=2240]
  0x000001eeaa737800 GCTaskThread "GC Thread#2" [stack: 0x0000005d45e00000,0x0000005d45f00000] [id=16612]
  0x000001eeab798800 GCTaskThread "GC Thread#3" [stack: 0x0000005d46400000,0x0000005d46500000] [id=1868]
  0x000001eeab753800 GCTaskThread "GC Thread#4" [stack: 0x0000005d46500000,0x0000005d46600000] [id=2736]
  0x000001eeab76f800 GCTaskThread "GC Thread#5" [stack: 0x0000005d46600000,0x0000005d46700000] [id=11188]
  0x000001eeab771800 GCTaskThread "GC Thread#6" [stack: 0x0000005d46700000,0x0000005d46800000] [id=5448]
  0x000001eeab772000 GCTaskThread "GC Thread#7" [stack: 0x0000005d46800000,0x0000005d46900000] [id=3788]
  0x000001ee86f2d000 ConcurrentGCThread "G1 Main Marker" [stack: 0x0000005d44c00000,0x0000005d44d00000] [id=4504]
  0x000001ee86f2e000 ConcurrentGCThread "G1 Conc#0" [stack: 0x0000005d44d00000,0x0000005d44e00000] [id=6252]
  0x000001eeab6e9800 ConcurrentGCThread "G1 Conc#1" [stack: 0x0000005d46900000,0x0000005d46a00000] [id=10616]
  0x000001eea929c800 ConcurrentGCThread "G1 Refine#0" [stack: 0x0000005d44e00000,0x0000005d44f00000] [id=4500]
  0x000001eeab53b800 ConcurrentGCThread "G1 Refine#1" [stack: 0x0000005d45f00000,0x0000005d46000000] [id=13696]
  0x000001eea929d000 ConcurrentGCThread "G1 Young RemSet Sampling" [stack: 0x0000005d44f00000,0x0000005d45000000] [id=1332]

Threads with active compile tasks:

VM state:at safepoint (normal execution)

VM Mutex/Monitor currently owned by a thread:  ([mutex/lock_event])
[0x000001ee870ef680] Threads_lock - owner thread: 0x000001eea9c38800
[0x000001ee870f0fd0] Heap_lock - owner thread: 0x000001eeab5a3000

Heap address: 0x0000000761e00000, size: 2530 MB, Compressed Oops mode: Zero based, Oop shift amount: 3
Narrow klass base: 0x0000000800000000, Narrow klass shift: 0
Compressed class space size: 1073741824 Address: 0x0000000800000000

Heap:
 garbage-first heap   total 163840K, used 11675K [0x0000000761e00000, 0x0000000800000000)
  region size 1024K, 3 young (3072K), 3 survivors (3072K)
 Metaspace       used 24422K, capacity 25256K, committed 25392K, reserved 1077248K
  class space    used 2864K, capacity 3200K, committed 3200K, reserved 1048576K
Heap Regions: E=young(eden), S=young(survivor), O=old, HS=humongous(starts), HC=humongous(continues), CS=collection set, F=free, A=archive, TAMS=top-at-mark-start (previous, next)
|   0|0x0000000761e00000, 0x0000000761f00000, 0x0000000761f00000|100%|HS|  |TAMS 0x0000000761f00000, 0x0000000761f00000| Complete 
|   1|0x0000000761f00000, 0x0000000762000000, 0x0000000762000000|100%| O|  |TAMS 0x0000000762000000, 0x0000000762000000| Untracked 
|   2|0x0000000762000000, 0x0000000762100000, 0x0000000762100000|100%| O|  |TAMS 0x0000000762100000, 0x0000000762100000| Untracked 
|   3|0x0000000762100000, 0x0000000762200000, 0x0000000762200000|100%| O|  |TAMS 0x0000000762200000, 0x0000000762200000| Untracked 
|   4|0x0000000762200000, 0x0000000762300000, 0x0000000762300000|100%| O|  |TAMS 0x0000000762300000, 0x0000000762300000| Untracked 
|   5|0x0000000762300000, 0x0000000762400000, 0x0000000762400000|100%| O|  |TAMS 0x0000000762400000, 0x0000000762400000| Untracked 
|   6|0x0000000762400000, 0x0000000762500000, 0x0000000762500000|100%| O|  |TAMS 0x0000000762500000, 0x0000000762500000| Untracked 
|   7|0x0000000762500000, 0x0000000762600000, 0x0000000762600000|100%| O|  |TAMS 0x0000000762600000, 0x0000000762600000| Untracked 
|   8|0x0000000762600000, 0x00000007626c1400, 0x0000000762700000| 75%| O|  |TAMS 0x00000007626c1400, 0x00000007626c1400| Untracked 
|   9|0x0000000762700000, 0x0000000762700000, 0x0000000762800000|  0%| F|  |TAMS 0x0000000762700000, 0x0000000762700000| Untracked 
|  10|0x0000000762800000, 0x0000000762800000, 0x0000000762900000|  0%| F|  |TAMS 0x0000000762800000, 0x0000000762800000| Untracked 
|  11|0x0000000762900000, 0x0000000762900000, 0x0000000762a00000|  0%| F|  |TAMS 0x0000000762900000, 0x0000000762900000| Untracked 
|  12|0x0000000762a00000, 0x0000000762a00000, 0x0000000762b00000|  0%| F|  |TAMS 0x0000000762a00000, 0x0000000762a00000| Untracked 
|  13|0x0000000762b00000, 0x0000000762b00000, 0x0000000762c00000|  0%| F|  |TAMS 0x0000000762b00000, 0x0000000762b00000| Untracked 
|  14|0x0000000762c00000, 0x0000000762c00000, 0x0000000762d00000|  0%| F|  |TAMS 0x0000000762c00000, 0x0000000762c00000| Untracked 
|  15|0x0000000762d00000, 0x0000000762d00000, 0x0000000762e00000|  0%| F|  |TAMS 0x0000000762d00000, 0x0000000762d00000| Untracked 
|  16|0x0000000762e00000, 0x0000000762e00000, 0x0000000762f00000|  0%| F|  |TAMS 0x0000000762e00000, 0x0000000762e00000| Untracked 
|  17|0x0000000762f00000, 0x0000000762f00000, 0x0000000763000000|  0%| F|  |TAMS 0x0000000762f00000, 0x0000000762f00000| Untracked 
|  18|0x0000000763000000, 0x0000000763000000, 0x0000000763100000|  0%| F|  |TAMS 0x0000000763000000, 0x0000000763000000| Untracked 
|  19|0x0000000763100000, 0x0000000763100000, 0x0000000763200000|  0%| F|  |TAMS 0x0000000763100000, 0x0000000763100000| Untracked 
|  20|0x0000000763200000, 0x0000000763200000, 0x0000000763300000|  0%| F|  |TAMS 0x0000000763200000, 0x0000000763200000| Untracked 
|  21|0x0000000763300000, 0x0000000763300000, 0x0000000763400000|  0%| F|  |TAMS 0x0000000763300000, 0x0000000763300000| Untracked 
|  22|0x0000000763400000, 0x0000000763400000, 0x0000000763500000|  0%| F|  |TAMS 0x0000000763400000, 0x0000000763400000| Untracked 
|  23|0x0000000763500000, 0x0000000763500000, 0x0000000763600000|  0%| F|  |TAMS 0x0000000763500000, 0x0000000763500000| Untracked 
|  24|0x0000000763600000, 0x0000000763600000, 0x0000000763700000|  0%| F|  |TAMS 0x0000000763600000, 0x0000000763600000| Untracked 
|  25|0x0000000763700000, 0x0000000763700000, 0x0000000763800000|  0%| F|  |TAMS 0x0000000763700000, 0x0000000763700000| Untracked 
|  26|0x0000000763800000, 0x0000000763800000, 0x0000000763900000|  0%| F|  |TAMS 0x0000000763800000, 0x0000000763800000| Untracked 
|  27|0x0000000763900000, 0x0000000763900000, 0x0000000763a00000|  0%| F|  |TAMS 0x0000000763900000, 0x0000000763900000| Untracked 
|  28|0x0000000763a00000, 0x0000000763a00000, 0x0000000763b00000|  0%| F|  |TAMS 0x0000000763a00000, 0x0000000763a00000| Untracked 
|  29|0x0000000763b00000, 0x0000000763b00000, 0x0000000763c00000|  0%| F|  |TAMS 0x0000000763b00000, 0x0000000763b00000| Untracked 
|  30|0x0000000763c00000, 0x0000000763c00000, 0x0000000763d00000|  0%| F|  |TAMS 0x0000000763c00000, 0x0000000763c00000| Untracked 
|  31|0x0000000763d00000, 0x0000000763d00000, 0x0000000763e00000|  0%| F|  |TAMS 0x0000000763d00000, 0x0000000763d00000| Untracked 
|  32|0x0000000763e00000, 0x0000000763e00000, 0x0000000763f00000|  0%| F|  |TAMS 0x0000000763e00000, 0x0000000763e00000| Untracked 
|  33|0x0000000763f00000, 0x0000000763f00000, 0x0000000764000000|  0%| F|  |TAMS 0x0000000763f00000, 0x0000000763f00000| Untracked 
|  34|0x0000000764000000, 0x0000000764000000, 0x0000000764100000|  0%| F|  |TAMS 0x0000000764000000, 0x0000000764000000| Untracked 
|  35|0x0000000764100000, 0x0000000764100000, 0x0000000764200000|  0%| F|  |TAMS 0x0000000764100000, 0x0000000764100000| Untracked 
|  36|0x0000000764200000, 0x0000000764200000, 0x0000000764300000|  0%| F|  |TAMS 0x0000000764200000, 0x0000000764200000| Untracked 
|  37|0x0000000764300000, 0x0000000764300000, 0x0000000764400000|  0%| F|  |TAMS 0x0000000764300000, 0x0000000764300000| Untracked 
|  38|0x0000000764400000, 0x0000000764400000, 0x0000000764500000|  0%| F|  |TAMS 0x0000000764400000, 0x0000000764400000| Untracked 
|  39|0x0000000764500000, 0x0000000764500000, 0x0000000764600000|  0%| F|  |TAMS 0x0000000764500000, 0x0000000764500000| Untracked 
|  40|0x0000000764600000, 0x0000000764600000, 0x0000000764700000|  0%| F|  |TAMS 0x0000000764600000, 0x0000000764600000| Untracked 
|  41|0x0000000764700000, 0x0000000764700000, 0x0000000764800000|  0%| F|  |TAMS 0x0000000764700000, 0x0000000764700000| Untracked 
|  42|0x0000000764800000, 0x0000000764800000, 0x0000000764900000|  0%| F|  |TAMS 0x0000000764800000, 0x0000000764800000| Untracked 
|  43|0x0000000764900000, 0x0000000764900000, 0x0000000764a00000|  0%| F|  |TAMS 0x0000000764900000, 0x0000000764900000| Untracked 
|  44|0x0000000764a00000, 0x0000000764a00000, 0x0000000764b00000|  0%| F|  |TAMS 0x0000000764a00000, 0x0000000764a00000| Untracked 
|  45|0x0000000764b00000, 0x0000000764b00000, 0x0000000764c00000|  0%| F|  |TAMS 0x0000000764b00000, 0x0000000764b00000| Untracked 
|  46|0x0000000764c00000, 0x0000000764c00000, 0x0000000764d00000|  0%| F|  |TAMS 0x0000000764c00000, 0x0000000764c00000| Untracked 
|  47|0x0000000764d00000, 0x0000000764d00000, 0x0000000764e00000|  0%| F|  |TAMS 0x0000000764d00000, 0x0000000764d00000| Untracked 
|  48|0x0000000764e00000, 0x0000000764e00000, 0x0000000764f00000|  0%| F|  |TAMS 0x0000000764e00000, 0x0000000764e00000| Untracked 
|  49|0x0000000764f00000, 0x0000000764f00000, 0x0000000765000000|  0%| F|  |TAMS 0x0000000764f00000, 0x0000000764f00000| Untracked 
|  50|0x0000000765000000, 0x0000000765000000, 0x0000000765100000|  0%| F|  |TAMS 0x0000000765000000, 0x0000000765000000| Untracked 
|  51|0x0000000765100000, 0x0000000765100000, 0x0000000765200000|  0%| F|  |TAMS 0x0000000765100000, 0x0000000765100000| Untracked 
|  52|0x0000000765200000, 0x0000000765200000, 0x0000000765300000|  0%| F|  |TAMS 0x0000000765200000, 0x0000000765200000| Untracked 
|  53|0x0000000765300000, 0x0000000765300000, 0x0000000765400000|  0%| F|  |TAMS 0x0000000765300000, 0x0000000765300000| Untracked 
|  54|0x0000000765400000, 0x0000000765400000, 0x0000000765500000|  0%| F|  |TAMS 0x0000000765400000, 0x0000000765400000| Untracked 
|  55|0x0000000765500000, 0x0000000765500000, 0x0000000765600000|  0%| F|  |TAMS 0x0000000765500000, 0x0000000765500000| Untracked 
|  56|0x0000000765600000, 0x0000000765600000, 0x0000000765700000|  0%| F|  |TAMS 0x0000000765600000, 0x0000000765600000| Untracked 
|  57|0x0000000765700000, 0x0000000765700000, 0x0000000765800000|  0%| F|  |TAMS 0x0000000765700000, 0x0000000765700000| Untracked 
|  58|0x0000000765800000, 0x0000000765800000, 0x0000000765900000|  0%| F|  |TAMS 0x0000000765800000, 0x0000000765800000| Untracked 
|  59|0x0000000765900000, 0x0000000765900000, 0x0000000765a00000|  0%| F|  |TAMS 0x0000000765900000, 0x0000000765900000| Untracked 
|  60|0x0000000765a00000, 0x0000000765a00000, 0x0000000765b00000|  0%| F|  |TAMS 0x0000000765a00000, 0x0000000765a00000| Untracked 
|  61|0x0000000765b00000, 0x0000000765b00000, 0x0000000765c00000|  0%| F|  |TAMS 0x0000000765b00000, 0x0000000765b00000| Untracked 
|  62|0x0000000765c00000, 0x0000000765c00000, 0x0000000765d00000|  0%| F|  |TAMS 0x0000000765c00000, 0x0000000765c00000| Untracked 
|  63|0x0000000765d00000, 0x0000000765d00000, 0x0000000765e00000|  0%| F|  |TAMS 0x0000000765d00000, 0x0000000765d00000| Untracked 
|  64|0x0000000765e00000, 0x0000000765e00000, 0x0000000765f00000|  0%| F|  |TAMS 0x0000000765e00000, 0x0000000765e00000| Untracked 
|  65|0x0000000765f00000, 0x0000000765f00000, 0x0000000766000000|  0%| F|  |TAMS 0x0000000765f00000, 0x0000000765f00000| Untracked 
|  66|0x0000000766000000, 0x0000000766000000, 0x0000000766100000|  0%| F|  |TAMS 0x0000000766000000, 0x0000000766000000| Untracked 
|  67|0x0000000766100000, 0x0000000766100000, 0x0000000766200000|  0%| F|  |TAMS 0x0000000766100000, 0x0000000766100000| Untracked 
|  68|0x0000000766200000, 0x0000000766200000, 0x0000000766300000|  0%| F|  |TAMS 0x0000000766200000, 0x0000000766200000| Untracked 
|  69|0x0000000766300000, 0x0000000766300000, 0x0000000766400000|  0%| F|  |TAMS 0x0000000766300000, 0x0000000766300000| Untracked 
|  70|0x0000000766400000, 0x0000000766400000, 0x0000000766500000|  0%| F|  |TAMS 0x0000000766400000, 0x0000000766400000| Untracked 
|  71|0x0000000766500000, 0x0000000766500000, 0x0000000766600000|  0%| F|  |TAMS 0x0000000766500000, 0x0000000766500000| Untracked 
|  72|0x0000000766600000, 0x0000000766600000, 0x0000000766700000|  0%| F|  |TAMS 0x0000000766600000, 0x0000000766600000| Untracked 
|  73|0x0000000766700000, 0x0000000766700000, 0x0000000766800000|  0%| F|  |TAMS 0x0000000766700000, 0x0000000766700000| Untracked 
|  74|0x0000000766800000, 0x0000000766800000, 0x0000000766900000|  0%| F|  |TAMS 0x0000000766800000, 0x0000000766800000| Untracked 
|  75|0x0000000766900000, 0x0000000766900000, 0x0000000766a00000|  0%| F|  |TAMS 0x0000000766900000, 0x0000000766900000| Untracked 
|  76|0x0000000766a00000, 0x0000000766a00000, 0x0000000766b00000|  0%| F|  |TAMS 0x0000000766a00000, 0x0000000766a00000| Untracked 
|  77|0x0000000766b00000, 0x0000000766b00000, 0x0000000766c00000|  0%| F|  |TAMS 0x0000000766b00000, 0x0000000766b00000| Untracked 
|  78|0x0000000766c00000, 0x0000000766c00000, 0x0000000766d00000|  0%| F|  |TAMS 0x0000000766c00000, 0x0000000766c00000| Untracked 
|  79|0x0000000766d00000, 0x0000000766d00000, 0x0000000766e00000|  0%| F|  |TAMS 0x0000000766d00000, 0x0000000766d00000| Untracked 
|  80|0x0000000766e00000, 0x0000000766e00000, 0x0000000766f00000|  0%| F|  |TAMS 0x0000000766e00000, 0x0000000766e00000| Untracked 
|  81|0x0000000766f00000, 0x0000000766f00000, 0x0000000767000000|  0%| F|  |TAMS 0x0000000766f00000, 0x0000000766f00000| Untracked 
|  82|0x0000000767000000, 0x0000000767000000, 0x0000000767100000|  0%| F|  |TAMS 0x0000000767000000, 0x0000000767000000| Untracked 
|  83|0x0000000767100000, 0x0000000767100000, 0x0000000767200000|  0%| F|  |TAMS 0x0000000767100000, 0x0000000767100000| Untracked 
|  84|0x0000000767200000, 0x0000000767200000, 0x0000000767300000|  0%| F|  |TAMS 0x0000000767200000, 0x0000000767200000| Untracked 
|  85|0x0000000767300000, 0x0000000767300000, 0x0000000767400000|  0%| F|  |TAMS 0x0000000767300000, 0x0000000767300000| Untracked 
|  86|0x0000000767400000, 0x0000000767400000, 0x0000000767500000|  0%| F|  |TAMS 0x0000000767400000, 0x0000000767400000| Untracked 
|  87|0x0000000767500000, 0x0000000767500000, 0x0000000767600000|  0%| F|  |TAMS 0x0000000767500000, 0x0000000767500000| Untracked 
|  88|0x0000000767600000, 0x0000000767600000, 0x0000000767700000|  0%| F|  |TAMS 0x0000000767600000, 0x0000000767600000| Untracked 
|  89|0x0000000767700000, 0x0000000767700000, 0x0000000767800000|  0%| F|  |TAMS 0x0000000767700000, 0x0000000767700000| Untracked 
|  90|0x0000000767800000, 0x0000000767800000, 0x0000000767900000|  0%| F|  |TAMS 0x0000000767800000, 0x0000000767800000| Untracked 
|  91|0x0000000767900000, 0x0000000767900000, 0x0000000767a00000|  0%| F|  |TAMS 0x0000000767900000, 0x0000000767900000| Untracked 
|  92|0x0000000767a00000, 0x0000000767a00000, 0x0000000767b00000|  0%| F|  |TAMS 0x0000000767a00000, 0x0000000767a00000| Untracked 
|  93|0x0000000767b00000, 0x0000000767b00000, 0x0000000767c00000|  0%| F|  |TAMS 0x0000000767b00000, 0x0000000767b00000| Untracked 
|  94|0x0000000767c00000, 0x0000000767c00000, 0x0000000767d00000|  0%| F|  |TAMS 0x0000000767c00000, 0x0000000767c00000| Untracked 
|  95|0x0000000767d00000, 0x0000000767d00000, 0x0000000767e00000|  0%| F|  |TAMS 0x0000000767d00000, 0x0000000767d00000| Untracked 
|  96|0x0000000767e00000, 0x0000000767e00000, 0x0000000767f00000|  0%| F|  |TAMS 0x0000000767e00000, 0x0000000767e00000| Untracked 
|  97|0x0000000767f00000, 0x0000000767f00000, 0x0000000768000000|  0%| F|  |TAMS 0x0000000767f00000, 0x0000000767f00000| Untracked 
|  98|0x0000000768000000, 0x0000000768000000, 0x0000000768100000|  0%| F|  |TAMS 0x0000000768000000, 0x0000000768000000| Untracked 
|  99|0x0000000768100000, 0x0000000768100000, 0x0000000768200000|  0%| F|  |TAMS 0x0000000768100000, 0x0000000768100000| Untracked 
| 100|0x0000000768200000, 0x0000000768200000, 0x0000000768300000|  0%| F|  |TAMS 0x0000000768200000, 0x0000000768200000| Untracked 
| 101|0x0000000768300000, 0x0000000768300000, 0x0000000768400000|  0%| F|  |TAMS 0x0000000768300000, 0x0000000768300000| Untracked 
| 102|0x0000000768400000, 0x0000000768400000, 0x0000000768500000|  0%| F|  |TAMS 0x0000000768400000, 0x0000000768400000| Untracked 
| 103|0x0000000768500000, 0x0000000768500000, 0x0000000768600000|  0%| F|  |TAMS 0x0000000768500000, 0x0000000768500000| Untracked 
| 104|0x0000000768600000, 0x0000000768600000, 0x0000000768700000|  0%| F|  |TAMS 0x0000000768600000, 0x0000000768600000| Untracked 
| 105|0x0000000768700000, 0x0000000768700000, 0x0000000768800000|  0%| F|  |TAMS 0x0000000768700000, 0x0000000768700000| Untracked 
| 106|0x0000000768800000, 0x0000000768800000, 0x0000000768900000|  0%| F|  |TAMS 0x0000000768800000, 0x0000000768800000| Untracked 
| 107|0x0000000768900000, 0x0000000768900000, 0x0000000768a00000|  0%| F|  |TAMS 0x0000000768900000, 0x0000000768900000| Untracked 
| 108|0x0000000768a00000, 0x0000000768a00000, 0x0000000768b00000|  0%| F|  |TAMS 0x0000000768a00000, 0x0000000768a00000| Untracked 
| 109|0x0000000768b00000, 0x0000000768b00000, 0x0000000768c00000|  0%| F|  |TAMS 0x0000000768b00000, 0x0000000768b00000| Untracked 
| 110|0x0000000768c00000, 0x0000000768c00000, 0x0000000768d00000|  0%| F|  |TAMS 0x0000000768c00000, 0x0000000768c00000| Untracked 
| 111|0x0000000768d00000, 0x0000000768d00000, 0x0000000768e00000|  0%| F|  |TAMS 0x0000000768d00000, 0x0000000768d00000| Untracked 
| 112|0x0000000768e00000, 0x0000000768e00000, 0x0000000768f00000|  0%| F|  |TAMS 0x0000000768e00000, 0x0000000768e00000| Untracked 
| 113|0x0000000768f00000, 0x0000000768f00000, 0x0000000769000000|  0%| F|  |TAMS 0x0000000768f00000, 0x0000000768f00000| Untracked 
| 114|0x0000000769000000, 0x0000000769000000, 0x0000000769100000|  0%| F|  |TAMS 0x0000000769000000, 0x0000000769000000| Untracked 
| 115|0x0000000769100000, 0x0000000769100000, 0x0000000769200000|  0%| F|  |TAMS 0x0000000769100000, 0x0000000769100000| Untracked 
| 116|0x0000000769200000, 0x0000000769200000, 0x0000000769300000|  0%| F|  |TAMS 0x0000000769200000, 0x0000000769200000| Untracked 
| 117|0x0000000769300000, 0x0000000769300000, 0x0000000769400000|  0%| F|  |TAMS 0x0000000769300000, 0x0000000769300000| Untracked 
| 118|0x0000000769400000, 0x0000000769400000, 0x0000000769500000|  0%| F|  |TAMS 0x0000000769400000, 0x0000000769400000| Untracked 
| 119|0x0000000769500000, 0x0000000769500000, 0x0000000769600000|  0%| F|  |TAMS 0x0000000769500000, 0x0000000769500000| Untracked 
| 120|0x0000000769600000, 0x0000000769600000, 0x0000000769700000|  0%| F|  |TAMS 0x0000000769600000, 0x0000000769600000| Untracked 
| 121|0x0000000769700000, 0x0000000769700000, 0x0000000769800000|  0%| F|  |TAMS 0x0000000769700000, 0x0000000769700000| Untracked 
| 122|0x0000000769800000, 0x0000000769800000, 0x0000000769900000|  0%| F|  |TAMS 0x0000000769800000, 0x0000000769800000| Untracked 
| 123|0x0000000769900000, 0x0000000769900000, 0x0000000769a00000|  0%| F|  |TAMS 0x0000000769900000, 0x0000000769900000| Untracked 
| 124|0x0000000769a00000, 0x0000000769a00000, 0x0000000769b00000|  0%| F|  |TAMS 0x0000000769a00000, 0x0000000769a00000| Untracked 
| 125|0x0000000769b00000, 0x0000000769b00000, 0x0000000769c00000|  0%| F|  |TAMS 0x0000000769b00000, 0x0000000769b00000| Untracked 
| 126|0x0000000769c00000, 0x0000000769c00000, 0x0000000769d00000|  0%| F|  |TAMS 0x0000000769c00000, 0x0000000769c00000| Untracked 
| 127|0x0000000769d00000, 0x0000000769d00000, 0x0000000769e00000|  0%| F|  |TAMS 0x0000000769d00000, 0x0000000769d00000| Untracked 
| 128|0x0000000769e00000, 0x0000000769e00000, 0x0000000769f00000|  0%| F|  |TAMS 0x0000000769e00000, 0x0000000769e00000| Untracked 
| 129|0x0000000769f00000, 0x0000000769f00000, 0x000000076a000000|  0%| F|  |TAMS 0x0000000769f00000, 0x0000000769f00000| Untracked 
| 130|0x000000076a000000, 0x000000076a000000, 0x000000076a100000|  0%| F|  |TAMS 0x000000076a000000, 0x000000076a000000| Untracked 
| 131|0x000000076a100000, 0x000000076a100000, 0x000000076a200000|  0%| F|  |TAMS 0x000000076a100000, 0x000000076a100000| Untracked 
| 132|0x000000076a200000, 0x000000076a200000, 0x000000076a300000|  0%| F|  |TAMS 0x000000076a200000, 0x000000076a200000| Untracked 
| 133|0x000000076a300000, 0x000000076a300000, 0x000000076a400000|  0%| F|  |TAMS 0x000000076a300000, 0x000000076a300000| Untracked 
| 134|0x000000076a400000, 0x000000076a400000, 0x000000076a500000|  0%| F|  |TAMS 0x000000076a400000, 0x000000076a400000| Untracked 
| 135|0x000000076a500000, 0x000000076a500000, 0x000000076a600000|  0%| F|  |TAMS 0x000000076a500000, 0x000000076a500000| Untracked 
| 136|0x000000076a600000, 0x000000076a600000, 0x000000076a700000|  0%| F|  |TAMS 0x000000076a600000, 0x000000076a600000| Untracked 
| 137|0x000000076a700000, 0x000000076a700000, 0x000000076a800000|  0%| F|  |TAMS 0x000000076a700000, 0x000000076a700000| Untracked 
| 138|0x000000076a800000, 0x000000076a800000, 0x000000076a900000|  0%| F|  |TAMS 0x000000076a800000, 0x000000076a800000| Untracked 
| 139|0x000000076a900000, 0x000000076a900000, 0x000000076aa00000|  0%| F|  |TAMS 0x000000076a900000, 0x000000076a900000| Untracked 
| 140|0x000000076aa00000, 0x000000076aa00000, 0x000000076ab00000|  0%| F|  |TAMS 0x000000076aa00000, 0x000000076aa00000| Untracked 
| 141|0x000000076ab00000, 0x000000076ab00000, 0x000000076ac00000|  0%| F|  |TAMS 0x000000076ab00000, 0x000000076ab00000| Untracked 
| 142|0x000000076ac00000, 0x000000076ac00000, 0x000000076ad00000|  0%| F|  |TAMS 0x000000076ac00000, 0x000000076ac00000| Untracked 
| 143|0x000000076ad00000, 0x000000076ad00000, 0x000000076ae00000|  0%| F|  |TAMS 0x000000076ad00000, 0x000000076ad00000| Untracked 
| 144|0x000000076ae00000, 0x000000076ae00000, 0x000000076af00000|  0%| F|  |TAMS 0x000000076ae00000, 0x000000076ae00000| Untracked 
| 145|0x000000076af00000, 0x000000076af00000, 0x000000076b000000|  0%| F|  |TAMS 0x000000076af00000, 0x000000076af00000| Untracked 
| 146|0x000000076b000000, 0x000000076b000000, 0x000000076b100000|  0%| F|  |TAMS 0x000000076b000000, 0x000000076b000000| Untracked 
| 147|0x000000076b100000, 0x000000076b100000, 0x000000076b200000|  0%| F|  |TAMS 0x000000076b100000, 0x000000076b100000| Untracked 
| 148|0x000000076b200000, 0x000000076b200000, 0x000000076b300000|  0%| F|  |TAMS 0x000000076b200000, 0x000000076b200000| Untracked 
| 149|0x000000076b300000, 0x000000076b300000, 0x000000076b400000|  0%| F|  |TAMS 0x000000076b300000, 0x000000076b300000| Untracked 
| 150|0x000000076b400000, 0x000000076b400000, 0x000000076b500000|  0%| F|  |TAMS 0x000000076b400000, 0x000000076b400000| Untracked 
| 151|0x000000076b500000, 0x000000076b500000, 0x000000076b600000|  0%| F|  |TAMS 0x000000076b500000, 0x000000076b500000| Untracked 
| 152|0x000000076b600000, 0x000000076b600000, 0x000000076b700000|  0%| F|  |TAMS 0x000000076b600000, 0x000000076b600000| Untracked 
| 153|0x000000076b700000, 0x000000076b700000, 0x000000076b800000|  0%| F|  |TAMS 0x000000076b700000, 0x000000076b700000| Untracked 
| 154|0x000000076b800000, 0x000000076b800000, 0x000000076b900000|  0%| F|  |TAMS 0x000000076b800000, 0x000000076b800000| Untracked 
| 155|0x000000076b900000, 0x000000076b9a5be8, 0x000000076ba00000| 64%| S|CS|TAMS 0x000000076b900000, 0x000000076b900000| Complete 
| 156|0x000000076ba00000, 0x000000076bb00000, 0x000000076bb00000|100%| S|CS|TAMS 0x000000076ba00000, 0x000000076ba00000| Complete 
| 157|0x000000076bb00000, 0x000000076bc00000, 0x000000076bc00000|100%| S|CS|TAMS 0x000000076bb00000, 0x000000076bb00000| Complete 
| 158|0x000000076bc00000, 0x000000076bc00000, 0x000000076bd00000|  0%| F|  |TAMS 0x000000076bc00000, 0x000000076bc00000| Untracked 
| 159|0x000000076bd00000, 0x000000076bd00000, 0x000000076be00000|  0%| F|  |TAMS 0x000000076bd00000, 0x000000076bd00000| Untracked 

Card table byte_map: [0x000001eea0fc0000,0x000001eea14c0000] _byte_map_base: 0x000001ee9d4b1000

Marking Bits (Prev, Next): (CMBitMap*) 0x000001ee8713c858, (CMBitMap*) 0x000001ee8713c890
 Prev Bits: [0x000001eea19c0000, 0x000001eea4148000)
 Next Bits: [0x000001eea4150000, 0x000001eea68d8000)

Polling page: 0x000001ee871b0000

Metaspace:

Usage:
  Non-class:     21.54 MB capacity,    21.05 MB ( 98%) used,   408.93 KB (  2%) free+waste,    89.06 KB ( <1%) overhead. 
      Class:      3.12 MB capacity,     2.80 MB ( 90%) used,   290.12 KB (  9%) free+waste,    45.56 KB (  1%) overhead. 
       Both:     24.66 MB capacity,    23.85 MB ( 97%) used,   699.05 KB (  3%) free+waste,   134.62 KB ( <1%) overhead. 

Virtual space:
  Non-class space:       28.00 MB reserved,      21.67 MB ( 77%) committed 
      Class space:        1.00 GB reserved,       3.12 MB ( <1%) committed 
             Both:        1.03 GB reserved,      24.80 MB (  2%) committed 

Chunk freelists:
   Non-Class:  8.00 KB
       Class:  0 bytes
        Both:  8.00 KB

MaxMetaspaceSize: 17179869184.00 GB
CompressedClassSpaceSize: 1.00 GB
Initial GC threshold: 20.80 MB
Current GC threshold: 41.65 MB
CDS: off

CodeHeap 'non-profiled nmethods': size=238336Kb used=3295Kb max_used=3295Kb free=235040Kb
 bounds [0x000001ee91780000, 0x000001ee91ac0000, 0x000001eea0040000]
CodeHeap 'non-nmethods': size=7424Kb used=1209Kb max_used=1209Kb free=6215Kb
 bounds [0x000001ee91040000, 0x000001ee912b0000, 0x000001ee91780000]
 total_blobs=2695 nmethods=2213 adapters=408
 compilation: enabled
              stopped_count=0, restarted_count=0
 full_count=0

Compilation events (20 events):
Event: 4.687 Thread 0x000001eea9cc0000 2204       1       jdk.internal.org.objectweb.asm.MethodVisitor::visitFieldInsn (20 bytes)
Event: 4.687 Thread 0x000001eea9cc0000 nmethod 2204 0x000001ee91ab2710 code [0x000001ee91ab28c0, 0x000001ee91ab29a8]
Event: 4.687 Thread 0x000001eea9cc0000 2205       1       java.lang.invoke.MethodHandles$Lookup::resolveOrFail (48 bytes)
Event: 4.688 Thread 0x000001eea9cc0000 nmethod 2205 0x000001ee91ab2a10 code [0x000001ee91ab2c40, 0x000001ee91ab30f8]
Event: 4.688 Thread 0x000001eea9cc0000 2206       1       java.lang.invoke.MethodHandles$Lookup::checkMethodName (43 bytes)
Event: 4.689 Thread 0x000001eea9cc0000 nmethod 2206 0x000001ee91ab3390 code [0x000001ee91ab35a0, 0x000001ee91ab39c8]
Event: 4.700 Thread 0x000001eea9cc0000 2207  s!   1       jdk.internal.loader.URLClassPath::getLoader (194 bytes)
Event: 4.703 Thread 0x000001eea9cc0000 nmethod 2207 0x000001ee91ab3c10 code [0x000001ee91ab3e80, 0x000001ee91ab4968]
Event: 4.707 Thread 0x000001eea9cc0000 2208       1       java.lang.Class::isAnnotation (17 bytes)
Event: 4.707 Thread 0x000001eea9cc0000 nmethod 2208 0x000001ee91ab4f90 code [0x000001ee91ab5140, 0x000001ee91ab5228]
Event: 4.707 Thread 0x000001eea9cc0000 2209       1       java.nio.ByteBuffer::position (6 bytes)
Event: 4.708 Thread 0x000001eea9cc0000 nmethod 2209 0x000001ee91ab5290 code [0x000001ee91ab5440, 0x000001ee91ab5528]
Event: 4.708 Thread 0x000001eea9cc0000 2210       1       java.lang.reflect.AccessibleObject::checkAccess (40 bytes)
Event: 4.708 Thread 0x000001eea9cc0000 nmethod 2210 0x000001ee91ab5590 code [0x000001ee91ab5760, 0x000001ee91ab5918]
Event: 4.708 Thread 0x000001eea9cc0000 2211       1       java.lang.reflect.AccessibleObject::verifyAccess (84 bytes)
Event: 4.708 Thread 0x000001eea9cc0000 nmethod 2211 0x000001ee91ab5a10 code [0x000001ee91ab5be0, 0x000001ee91ab5e48]
Event: 4.709 Thread 0x000001eea9cc0000 2212       1       jdk.internal.reflect.Reflection::verifyMemberAccess (190 bytes)
Event: 4.712 Thread 0x000001eea9cc0000 nmethod 2212 0x000001ee91ab5f90 code [0x000001ee91ab62e0, 0x000001ee91ab6fc8]
Event: 4.712 Thread 0x000001eea9cc0000 2213       1       jdk.internal.reflect.Reflection::verifyModuleAccess (24 bytes)
Event: 4.713 Thread 0x000001eea9cc0000 nmethod 2213 0x000001ee91ab7690 code [0x000001ee91ab7880, 0x000001ee91ab7b38]

GC Heap History (10 events):
Event: 3.050 GC heap before
{Heap before GC invocations=0 (full 0):
 garbage-first heap   total 163840K, used 24576K [0x0000000761e00000, 0x0000000800000000)
  region size 1024K, 24 young (24576K), 0 survivors (0K)
 Metaspace       used 14606K, capacity 15052K, committed 15232K, reserved 1062912K
  class space    used 1504K, capacity 1634K, committed 1664K, reserved 1048576K
}
Event: 3.067 GC heap after
{Heap after GC invocations=1 (full 0):
 garbage-first heap   total 163840K, used 8620K [0x0000000761e00000, 0x0000000800000000)
  region size 1024K, 3 young (3072K), 3 survivors (3072K)
 Metaspace       used 14606K, capacity 15052K, committed 15232K, reserved 1062912K
  class space    used 1504K, capacity 1634K, committed 1664K, reserved 1048576K
}
Event: 3.525 GC heap before
{Heap before GC invocations=1 (full 0):
 garbage-first heap   total 163840K, used 21932K [0x0000000761e00000, 0x0000000800000000)
  region size 1024K, 16 young (16384K), 3 survivors (3072K)
 Metaspace       used 15874K, capacity 16400K, committed 16512K, reserved 1064960K
  class space    used 1680K, capacity 1865K, committed 1920K, reserved 1048576K
}
Event: 3.535 GC heap after
{Heap after GC invocations=2 (full 0):
 garbage-first heap   total 163840K, used 9496K [0x0000000761e00000, 0x0000000800000000)
  region size 1024K, 1 young (1024K), 1 survivors (1024K)
 Metaspace       used 15874K, capacity 16400K, committed 16512K, reserved 1064960K
  class space    used 1680K, capacity 1865K, committed 1920K, reserved 1048576K
}
Event: 4.429 GC heap before
{Heap before GC invocations=2 (full 0):
 garbage-first heap   total 163840K, used 46360K [0x0000000761e00000, 0x0000000800000000)
  region size 1024K, 39 young (39936K), 1 survivors (1024K)
 Metaspace       used 20513K, capacity 21211K, committed 21296K, reserved 1069056K
  class space    used 2369K, capacity 2656K, committed 2688K, reserved 1048576K
}
Event: 4.434 GC heap after
{Heap after GC invocations=3 (full 0):
 garbage-first heap   total 163840K, used 10845K [0x0000000761e00000, 0x0000000800000000)
  region size 1024K, 2 young (2048K), 2 survivors (2048K)
 Metaspace       used 20513K, capacity 21211K, committed 21296K, reserved 1069056K
  class space    used 2369K, capacity 2656K, committed 2688K, reserved 1048576K
}
Event: 4.681 GC heap before
{Heap before GC invocations=4 (full 0):
 garbage-first heap   total 163840K, used 38493K [0x0000000761e00000, 0x0000000800000000)
  region size 1024K, 31 young (31744K), 2 survivors (2048K)
 Metaspace       used 24283K, capacity 25083K, committed 25136K, reserved 1077248K
  class space    used 2845K, capacity 3164K, committed 3200K, reserved 1048576K
}
Event: 4.686 GC heap after
{Heap after GC invocations=5 (full 0):
 garbage-first heap   total 163840K, used 11603K [0x0000000761e00000, 0x0000000800000000)
  region size 1024K, 3 young (3072K), 3 survivors (3072K)
 Metaspace       used 24283K, capacity 25083K, committed 25136K, reserved 1077248K
  class space    used 2845K, capacity 3164K, committed 3200K, reserved 1048576K
}
Event: 4.716 GC heap before
{Heap before GC invocations=6 (full 0):
 garbage-first heap   total 163840K, used 12627K [0x0000000761e00000, 0x0000000800000000)
  region size 1024K, 5 young (5120K), 3 survivors (3072K)
 Metaspace       used 24422K, capacity 25256K, committed 25392K, reserved 1077248K
  class space    used 2864K, capacity 3200K, committed 3200K, reserved 1048576K
}
Event: 4.721 GC heap after
{Heap after GC invocations=7 (full 0):
 garbage-first heap   total 163840K, used 11675K [0x0000000761e00000, 0x0000000800000000)
  region size 1024K, 3 young (3072K), 3 survivors (3072K)
 Metaspace       used 24422K, capacity 25256K, committed 25392K, reserved 1077248K
  class space    used 2864K, capacity 3200K, committed 3200K, reserved 1048576K
}

Deoptimization events (0 events):
No events

Classes redefined (0 events):
No events

Internal exceptions (20 events):
Event: 4.639 Thread 0x000001eeab72b000 Exception <a 'java/lang/NoSuchMethodError'{0x000000076a40ac88}: 'long java.lang.invoke.DirectMethodHandle$Holder.invokeSpecial(java.lang.Object, java.lang.Object)'> (0x000000076a40ac88) thrown at [s\src\hotspot\share\interpreter\linkResolver.cpp, line 773]
Event: 4.645 Thread 0x000001eeab5a3000 Exception <a 'java/lang/ClassNotFoundException'{0x000000076a5b8cb0}: java/lang/ObjectCustomizer> (0x000000076a5b8cb0) thrown at [s\src\hotspot\share\classfile\systemDictionary.cpp, line 230]
Event: 4.646 Thread 0x000001eeab72b000 Exception <a 'java/lang/NoSuchMethodError'{0x000000076a44eb68}: 'long java.lang.invoke.DirectMethodHandle$Holder.invokeStatic(java.lang.Object, java.lang.Object)'> (0x000000076a44eb68) thrown at [s\src\hotspot\share\interpreter\linkResolver.cpp, line 773]
Event: 4.646 Thread 0x000001eeab72b000 Exception <a 'java/lang/NoSuchMethodError'{0x000000076a451990}: 'long java.lang.invoke.DirectMethodHandle$Holder.invokeStaticInit(java.lang.Object, java.lang.Object)'> (0x000000076a451990) thrown at [s\src\hotspot\share\interpreter\linkResolver.cpp, line 773]
Event: 4.651 Thread 0x000001eeab72b000 Exception <a 'java/lang/NoSuchMethodError'{0x000000076a48b548}: 'long java.lang.invoke.DirectMethodHandle$Holder.invokeInterface(java.lang.Object, java.lang.Object)'> (0x000000076a48b548) thrown at [s\src\hotspot\share\interpreter\linkResolver.cpp, line 773]
Event: 4.651 Thread 0x000001eeab72b000 Exception <a 'java/lang/IncompatibleClassChangeError'{0x000000076a48e2e0}: Found class java.lang.Object, but interface was expected> (0x000000076a48e2e0) thrown at [s\src\hotspot\share\interpreter\linkResolver.cpp, line 839]
Event: 4.656 Thread 0x000001eeab5a3000 Exception <a 'java/lang/ClassNotFoundException'{0x000000076a304f88}: org/springframework/context/annotation/ConfigurationClassPostProcessorCustomizer> (0x000000076a304f88) thrown at [s\src\hotspot\share\classfile\systemDictionary.cpp, line 230]
Event: 4.661 Thread 0x000001eeab5a3000 Exception <a 'java/lang/ClassNotFoundException'{0x000000076a34b1b0}: org/springframework/beans/factory/support/BeanDefinitionRegistryPostProcessorCustomizer> (0x000000076a34b1b0) thrown at [s\src\hotspot\share\classfile\systemDictionary.cpp, line 230]
Event: 4.663 Thread 0x000001eeab5a3000 Exception <a 'java/lang/ClassNotFoundException'{0x000000076a365e58}: org/springframework/beans/factory/config/BeanFactoryPostProcessorCustomizer> (0x000000076a365e58) thrown at [s\src\hotspot\share\classfile\systemDictionary.cpp, line 230]
Event: 4.664 Thread 0x000001eeab5a3000 Exception <a 'java/lang/ClassNotFoundException'{0x000000076a37c380}: org/springframework/core/PriorityOrderedCustomizer> (0x000000076a37c380) thrown at [s\src\hotspot\share\classfile\systemDictionary.cpp, line 230]
Event: 4.665 Thread 0x000001eeab5a3000 Exception <a 'java/lang/ClassNotFoundException'{0x000000076a20fe28}: org/springframework/core/OrderedCustomizer> (0x000000076a20fe28) thrown at [s\src\hotspot\share\classfile\systemDictionary.cpp, line 230]
Event: 4.666 Thread 0x000001eeab5a3000 Exception <a 'java/lang/ClassNotFoundException'{0x000000076a227210}: org/springframework/context/ResourceLoaderAwareCustomizer> (0x000000076a227210) thrown at [s\src\hotspot\share\classfile\systemDictionary.cpp, line 230]
Event: 4.667 Thread 0x000001eeab5a3000 Exception <a 'java/lang/ClassNotFoundException'{0x000000076a23d3b8}: org/springframework/beans/factory/AwareCustomizer> (0x000000076a23d3b8) thrown at [s\src\hotspot\share\classfile\systemDictionary.cpp, line 230]
Event: 4.668 Thread 0x000001eeab5a3000 Exception <a 'java/lang/ClassNotFoundException'{0x000000076a2546b8}: org/springframework/context/ApplicationStartupAwareCustomizer> (0x000000076a2546b8) thrown at [s\src\hotspot\share\classfile\systemDictionary.cpp, line 230]
Event: 4.669 Thread 0x000001eeab72b000 Exception <a 'java/lang/NoSuchMethodError'{0x000000076a2b0608}: 'java.lang.Object java.lang.invoke.DirectMethodHandle$Holder.invokeVirtual(java.lang.Object, java.lang.Object, java.lang.Object, java.lang.Object)'> (0x000000076a2b0608) thrown at [s\src\hotspot\share\interpreter\linkResolver.cpp, line 773]
Event: 4.669 Thread 0x000001eeab5a3000 Exception <a 'java/lang/ClassNotFoundException'{0x000000076a26aad8}: org/springframework/beans/factory/AwareCustomizer> (0x000000076a26aad8) thrown at [s\src\hotspot\share\classfile\systemDictionary.cpp, line 230]
Event: 4.670 Thread 0x000001eeab5a3000 Exception <a 'java/lang/ClassNotFoundException'{0x000000076a2e5548}: org/springframework/beans/factory/BeanClassLoaderAwareCustomizer> (0x000000076a2e5548) thrown at [s\src\hotspot\share\classfile\systemDictionary.cpp, line 230]
Event: 4.671 Thread 0x000001eeab5a3000 Exception <a 'java/lang/ClassNotFoundException'{0x000000076a2fb708}: org/springframework/beans/factory/AwareCustomizer> (0x000000076a2fb708) thrown at [s\src\hotspot\share\classfile\systemDictionary.cpp, line 230]
Event: 4.672 Thread 0x000001eeab5a3000 Exception <a 'java/lang/ClassNotFoundException'{0x000000076a111d18}: org/springframework/context/EnvironmentAwareCustomizer> (0x000000076a111d18) thrown at [s\src\hotspot\share\classfile\systemDictionary.cpp, line 230]
Event: 4.674 Thread 0x000001eeab5a3000 Exception <a 'java/lang/ClassNotFoundException'{0x000000076a127e50}: org/springframework/beans/factory/AwareCustomizer> (0x000000076a127e50) thrown at [s\src\hotspot\share\classfile\systemDictionary.cpp, line 230]

Events (20 events):
Event: 4.706 Executing VM operation: CGC_Operation done
Event: 4.706 loading class org/springframework/context/annotation/PropertySource
Event: 4.706 loading class org/springframework/context/annotation/PropertySource done
Event: 4.708 loading class javax/inject/Named
Event: 4.708 loading class javax/inject/Named done
Event: 4.708 loading class javax/inject$Named
Event: 4.708 loading class javax/inject$Named done
Event: 4.710 loading class org/springframework/context/annotation/TypeFilterUtils
Event: 4.710 loading class org/springframework/context/annotation/TypeFilterUtils done
Event: 4.711 loading class org/springframework/context/annotation/TypeFilterUtils$1
Event: 4.711 loading class org/springframework/context/annotation/TypeFilterUtils$1 done
Event: 4.711 loading class org/springframework/context/annotation/ParserStrategyUtils
Event: 4.711 loading class org/springframework/context/annotation/ParserStrategyUtils done
Event: 4.712 loading class org/springframework/context/annotation/ComponentScanAnnotationParser$1
Event: 4.712 loading class org/springframework/context/annotation/ComponentScanAnnotationParser$1 done
Event: 4.713 loading class org/springframework/core/env/AbstractPropertyResolver
Event: 4.713 loading class org/springframework/core/env/AbstractPropertyResolver done
Event: 4.714 loading class org/springframework/web/context/support/ServletContextResource
Event: 4.714 loading class org/springframework/web/context/support/ServletContextResource done
Event: 4.716 Executing VM operation: CollectForMetadataAllocation


Dynamic libraries:
0x00007ff6a2a90000 - 0x00007ff6a2a9e000 	C:\Users\benna\.jdks\corretto-11.0.21\bin\java.exe
0x00007ffd96b30000 - 0x00007ffd96d47000 	C:\WINDOWS\SYSTEM32\ntdll.dll
0x00007ffd96230000 - 0x00007ffd962f4000 	C:\WINDOWS\System32\KERNEL32.DLL
0x00007ffd94360000 - 0x00007ffd94706000 	C:\WINDOWS\System32\KERNELBASE.dll
0x00007ffd94240000 - 0x00007ffd94351000 	C:\WINDOWS\System32\ucrtbase.dll
0x00007ffd8ed90000 - 0x00007ffd8eda7000 	C:\Users\benna\.jdks\corretto-11.0.21\bin\jli.dll
0x00007ffd8ce70000 - 0x00007ffd8ce8b000 	C:\Users\benna\.jdks\corretto-11.0.21\bin\VCRUNTIME140.dll
0x00007ffd95fe0000 - 0x00007ffd9618e000 	C:\WINDOWS\System32\USER32.dll
0x00007ffd94710000 - 0x00007ffd94736000 	C:\WINDOWS\System32\win32u.dll
0x00007ffd96300000 - 0x00007ffd96329000 	C:\WINDOWS\System32\GDI32.dll
0x00007ffd93fb0000 - 0x00007ffd940c8000 	C:\WINDOWS\System32\gdi32full.dll
0x00007ffd7db20000 - 0x00007ffd7ddb3000 	C:\WINDOWS\WinSxS\amd64_microsoft.windows.common-controls_6595b64144ccf1df_6.0.22621.2506_none_270c5ae97388e100\COMCTL32.dll
0x00007ffd93ea0000 - 0x00007ffd93f3a000 	C:\WINDOWS\System32\msvcp_win.dll
0x00007ffd94880000 - 0x00007ffd94927000 	C:\WINDOWS\System32\msvcrt.dll
0x00007ffd961f0000 - 0x00007ffd96221000 	C:\WINDOWS\System32\IMM32.DLL
0x00007ffd89c40000 - 0x00007ffd89c4c000 	C:\Users\benna\.jdks\corretto-11.0.21\bin\vcruntime140_1.dll
0x00007ffd64830000 - 0x00007ffd648bd000 	C:\Users\benna\.jdks\corretto-11.0.21\bin\msvcp140.dll
0x00007ffd53d00000 - 0x00007ffd548c3000 	C:\Users\benna\.jdks\corretto-11.0.21\bin\server\jvm.dll
0x00007ffd96700000 - 0x00007ffd967b1000 	C:\WINDOWS\System32\ADVAPI32.dll
0x00007ffd94930000 - 0x00007ffd949d5000 	C:\WINDOWS\System32\sechost.dll
0x00007ffd967c0000 - 0x00007ffd968d7000 	C:\WINDOWS\System32\RPCRT4.dll
0x00007ffd96910000 - 0x00007ffd96918000 	C:\WINDOWS\System32\PSAPI.DLL
0x00007ffd80b60000 - 0x00007ffd80b69000 	C:\WINDOWS\SYSTEM32\WSOCK32.dll
0x00007ffd8cd60000 - 0x00007ffd8cd94000 	C:\WINDOWS\SYSTEM32\WINMM.dll
0x00007ffd95d10000 - 0x00007ffd95d81000 	C:\WINDOWS\System32\WS2_32.dll
0x00007ffd8bf80000 - 0x00007ffd8bf8a000 	C:\WINDOWS\SYSTEM32\VERSION.dll
0x00007ffd92e70000 - 0x00007ffd92e88000 	C:\WINDOWS\SYSTEM32\kernel.appcore.dll
0x00007ffd89c30000 - 0x00007ffd89c40000 	C:\Users\benna\.jdks\corretto-11.0.21\bin\verify.dll
0x00007ffd91870000 - 0x00007ffd91aa3000 	C:\WINDOWS\SYSTEM32\DBGHELP.DLL
0x00007ffd958f0000 - 0x00007ffd95c79000 	C:\WINDOWS\System32\combase.dll
0x00007ffd96450000 - 0x00007ffd96527000 	C:\WINDOWS\System32\OLEAUT32.dll
0x00007ffd7bef0000 - 0x00007ffd7bf22000 	C:\WINDOWS\SYSTEM32\dbgcore.DLL
0x00007ffd94740000 - 0x00007ffd947ba000 	C:\WINDOWS\System32\bcryptPrimitives.dll
0x00007ffd81940000 - 0x00007ffd81968000 	C:\Users\benna\.jdks\corretto-11.0.21\bin\java.dll
0x00007ffd89c10000 - 0x00007ffd89c1a000 	C:\Users\benna\.jdks\corretto-11.0.21\bin\jimage.dll
0x00007ffd825e0000 - 0x00007ffd825ee000 	C:\Users\benna\.jdks\corretto-11.0.21\bin\instrument.dll
0x00007ffd81920000 - 0x00007ffd81938000 	C:\Users\benna\.jdks\corretto-11.0.21\bin\zip.dll
0x00007ffd94c00000 - 0x00007ffd9545a000 	C:\WINDOWS\System32\SHELL32.dll
0x00007ffd91d70000 - 0x00007ffd92666000 	C:\WINDOWS\SYSTEM32\windows.storage.dll
0x00007ffd91c30000 - 0x00007ffd91d6e000 	C:\WINDOWS\SYSTEM32\wintypes.dll
0x00007ffd969f0000 - 0x00007ffd96ae3000 	C:\WINDOWS\System32\SHCORE.dll
0x00007ffd96190000 - 0x00007ffd961ee000 	C:\WINDOWS\System32\shlwapi.dll
0x00007ffd93dd0000 - 0x00007ffd93df6000 	C:\WINDOWS\SYSTEM32\profapi.dll
0x00007ffd816f0000 - 0x00007ffd81709000 	C:\Users\benna\.jdks\corretto-11.0.21\bin\net.dll
0x00007ffd8d030000 - 0x00007ffd8d167000 	C:\WINDOWS\SYSTEM32\WINHTTP.dll
0x00007ffd932f0000 - 0x00007ffd93359000 	C:\WINDOWS\system32\mswsock.dll
0x00007ffd81270000 - 0x00007ffd81282000 	C:\Users\benna\.jdks\corretto-11.0.21\bin\nio.dll
0x00007ffd81240000 - 0x00007ffd8125a000 	C:\Program Files\JetBrains\IntelliJ IDEA 2023.2.2\bin\breakgen64.dll
0x00007ffd92940000 - 0x00007ffd92a39000 	C:\WINDOWS\SYSTEM32\DNSAPI.dll
0x00007ffd928d0000 - 0x00007ffd928fd000 	C:\WINDOWS\SYSTEM32\IPHLPAPI.DLL
0x00007ffd96530000 - 0x00007ffd96539000 	C:\WINDOWS\System32\NSI.dll
0x00007ffd876c0000 - 0x00007ffd876ca000 	C:\Windows\System32\rasadhlp.dll
0x00007ffd8a8b0000 - 0x00007ffd8a933000 	C:\WINDOWS\System32\fwpuclnt.dll
0x00007ffd81990000 - 0x00007ffd81999000 	C:\Users\benna\.jdks\corretto-11.0.21\bin\management.dll
0x00007ffd81260000 - 0x00007ffd8126b000 	C:\Users\benna\.jdks\corretto-11.0.21\bin\management_ext.dll
0x00007ffd93580000 - 0x00007ffd9359b000 	C:\WINDOWS\SYSTEM32\CRYPTSP.dll
0x00007ffd92dc0000 - 0x00007ffd92df5000 	C:\WINDOWS\system32\rsaenh.dll
0x00007ffd933f0000 - 0x00007ffd9341c000 	C:\WINDOWS\SYSTEM32\USERENV.dll
0x00007ffd93760000 - 0x00007ffd93788000 	C:\WINDOWS\SYSTEM32\bcrypt.dll
0x00007ffd93570000 - 0x00007ffd9357c000 	C:\WINDOWS\SYSTEM32\CRYPTBASE.dll
0x00007ffd8cd40000 - 0x00007ffd8cd59000 	C:\WINDOWS\SYSTEM32\dhcpcsvc6.DLL
0x00007ffd8cb20000 - 0x00007ffd8cb3f000 	C:\WINDOWS\SYSTEM32\dhcpcsvc.DLL
0x00007ffd74df0000 - 0x00007ffd74e07000 	C:\WINDOWS\system32\napinsp.dll
0x00007ffd74dd0000 - 0x00007ffd74deb000 	C:\WINDOWS\system32\pnrpnsp.dll
0x00007ffd74d60000 - 0x00007ffd74d71000 	C:\WINDOWS\System32\winrnr.dll
0x00007ffd74c70000 - 0x00007ffd74c85000 	C:\WINDOWS\system32\wshbth.dll
0x00007ffd74c40000 - 0x00007ffd74c61000 	C:\WINDOWS\system32\nlansp_c.dll

dbghelp: loaded successfully - version: 4.0.5 - missing functions: none
symbol engine: initialized successfully - sym options: 0x614 - pdb path: .;C:\Users\benna\.jdks\corretto-11.0.21\bin;C:\WINDOWS\SYSTEM32;C:\WINDOWS\WinSxS\amd64_microsoft.windows.common-controls_6595b64144ccf1df_6.0.22621.2506_none_270c5ae97388e100;C:\Users\benna\.jdks\corretto-11.0.21\bin\server;C:\Program Files\JetBrains\IntelliJ IDEA 2023.2.2\bin

VM Arguments:
jvm_args: -XX:TieredStopAtLevel=1 -Xverify:none -Dspring.output.ansi.enabled=always -Dcom.sun.management.jmxremote -Dspring.jmx.enabled=true -Dspring.liveBeansView.mbeanDomain -Dspring.application.admin.enabled=true -Dmanagement.endpoints.jmx.exposure.include=* -javaagent:C:\Program Files\JetBrains\IntelliJ IDEA 2023.2.2\lib\idea_rt.jar=57149:C:\Program Files\JetBrains\IntelliJ IDEA 2023.2.2\bin -Dfile.encoding=UTF-8 
java_command: com.site.SDE.SdeApplication
java_class_path (initial): D:\pfa\offre_d-emploi_backend\target\classes;C:\Users\benna\.m2\repository\org\springframework\boot\spring-boot-starter-data-jpa\2.7.1\spring-boot-starter-data-jpa-2.7.1.jar;C:\Users\benna\.m2\repository\org\springframework\boot\spring-boot-starter-aop\2.7.1\spring-boot-starter-aop-2.7.1.jar;C:\Users\benna\.m2\repository\org\springframework\spring-aop\5.3.21\spring-aop-5.3.21.jar;C:\Users\benna\.m2\repository\org\aspectj\aspectjweaver\1.9.7\aspectjweaver-1.9.7.jar;C:\Users\benna\.m2\repository\org\springframework\boot\spring-boot-starter-jdbc\2.7.1\spring-boot-starter-jdbc-2.7.1.jar;C:\Users\benna\.m2\repository\com\zaxxer\HikariCP\4.0.3\HikariCP-4.0.3.jar;C:\Users\benna\.m2\repository\org\springframework\spring-jdbc\5.3.21\spring-jdbc-5.3.21.jar;C:\Users\benna\.m2\repository\jakarta\transaction\jakarta.transaction-api\1.3.3\jakarta.transaction-api-1.3.3.jar;C:\Users\benna\.m2\repository\jakarta\persistence\jakarta.persistence-api\2.2.3\jakarta.persistence-api-2.2.3.jar;C:\Users\benna\.m2\repository\org\hibernate\hibernate-core\5.6.9.Final\hibernate-core-5.6.9.Final.jar;C:\Users\benna\.m2\repository\org\jboss\logging\jboss-logging\3.4.3.Final\jboss-logging-3.4.3.Final.jar;C:\Users\benna\.m2\repository\net\bytebuddy\byte-buddy\1.12.11\byte-buddy-1.12.11.jar;C:\Users\benna\.m2\repository\antlr\antlr\2.7.7\antlr-2.7.7.jar;C:\Users\benna\.m2\repository\org\jboss\jandex\2.4.2.Final\jandex-2.4.2.Final.jar;C:\Users\benna\.m2\repository\com\fasterxml\classmate\1.5.1\classmate-1.5.1.jar;C:\Users\benna\.m2\repository\org\hibernate\common\hibernate-commons-annotations\5.1.2.Final\hibernate-commons-annotations-5.1.2.Final.jar;C:\Users\benna\.m2\repository\org\glassfish\jaxb\jaxb-runtime\2.3.6\jaxb-runtime-2.3.6.jar;C:\Users\benna\.m2\repository\org\glassfish\jaxb\txw2\2.3.6\txw2-2.3.6.jar;C:\Users\benna\.m2\repository\com\sun\istack\istack-commons-runtime\3.0.12\istack-commons-runtime-3.0.12.jar;C:\Users\benna\.m2\repository\org\springframework\data
Launcher Type: SUN_STANDARD

[Global flags]
     bool BytecodeVerificationLocal                = false                                     {product} {command line}
     bool BytecodeVerificationRemote               = false                                     {product} {command line}
     intx CICompilerCount                          = 4                                         {product} {ergonomic}
     uint ConcGCThreads                            = 2                                         {product} {ergonomic}
     uint G1ConcRefinementThreads                  = 8                                         {product} {ergonomic}
   size_t G1HeapRegionSize                         = 1048576                                   {product} {ergonomic}
    uintx GCDrainStackTargetSize                   = 64                                        {product} {ergonomic}
   size_t InitialHeapSize                          = 167772160                                 {product} {ergonomic}
     bool ManagementServer                         = true                                      {product} {command line}
   size_t MarkStackSize                            = 4194304                                   {product} {ergonomic}
   size_t MaxHeapSize                              = 2652897280                                {product} {ergonomic}
   size_t MaxNewSize                               = 1591738368                                {product} {ergonomic}
   size_t MinHeapDeltaBytes                        = 1048576                                   {product} {ergonomic}
    uintx NonNMethodCodeHeapSize                   = 7549744                                {pd product} {ergonomic}
    uintx NonProfiledCodeHeapSize                  = 244108496                              {pd product} {ergonomic}
    uintx ProfiledCodeHeapSize                     = 0                                      {pd product} {ergonomic}
    uintx ReservedCodeCacheSize                    = 251658240                              {pd product} {ergonomic}
     bool SegmentedCodeCache                       = true                                      {product} {ergonomic}
     intx TieredStopAtLevel                        = 1                                         {product} {command line}
     bool UseCompressedClassPointers               = true                                 {lp64_product} {ergonomic}
     bool UseCompressedOops                        = true                                 {lp64_product} {ergonomic}
     bool UseG1GC                                  = true                                      {product} {ergonomic}
     bool UseLargePagesIndividualAllocation        = false                                  {pd product} {ergonomic}

Logging:
Log output configuration:
 #0: stdout all=warning uptime,level,tags
 #1: stderr all=off uptime,level,tags

Environment Variables:
PATH=C:\Program Files\Common Files\Oracle\Java\javapath;C:\WINDOWS\system32;C:\WINDOWS;C:\WINDOWS\System32\Wbem;C:\WINDOWS\System32\WindowsPowerShell\v1.0\;C:\WINDOWS\System32\OpenSSH\;C:\Program Files\Microsoft VS Code\bin;C:\Program Files\Go\bin;D:\Git\cmd;D:\Git\bin;D:\src\flutter\bin;C:\Program Files\MySQL\MySQL Server 8.1\bin;C:\Program Files\MySQL\MySQL Cluster 7.6\bin;C:\Program Files\MySQL\MySQL Server 8.1\bin;C:\Program Files\Docker\Docker\resources\bin;C:\Program Files\nodejs\;C:\Program Files\nodejs\node_modules\npm\bin;C:\Users\benna\AppData\Local\Programs\Python\Launcher\;C:\Users\benna\AppData\Local\Microsoft\WindowsApps;C:\Users\benna\go\bin;D:\Git\flutter\bin;C:\Program Files\MongoDB\Server\7.0\bin;C:\Users\benna\AppData\Local\Programs\mongosh\;C:\Users\benna\AppData\Roaming\npm;C:\Program Files\nodejs\node_modules\npm\bin;
USERNAME=benna
OS=Windows_NT
PROCESSOR_IDENTIFIER=AMD64 Family 23 Model 24 Stepping 1, AuthenticAMD
TMP=C:\Users\benna\AppData\Local\Temp
TEMP=C:\Users\benna\AppData\Local\Temp



---------------  S Y S T E M  ---------------

OS: Windows 11 , 64 bit Build 22621 (10.0.22621.2506)
OS uptime: 0 days 20:27 hours
Hyper-V role detected

CPU:total 8 (initial active 8) (8 cores per cpu, 2 threads per core) family 23 model 24 stepping 1 microcode 0x0, cmov, cx8, fxsr, mmx, sse, sse2, sse3, ssse3, sse4.1, sse4.2, popcnt, avx, avx2, aes, clmul, mmxext, 3dnowpref, lzcnt, sse4a, ht, tsc, tscinvbit, tscinv, bmi1, bmi2, adx, sha, fma

Memory: 4k page, system-wide physical 10116M (591M free)
TotalPageFile size 12164M (AvailPageFile size 1M)
current process WorkingSet (physical memory assigned to process): 120M, peak: 120M
current process commit charge ("private bytes"): 272M, peak: 273M

vm_info: OpenJDK 64-Bit Server VM (11.0.21+9-LTS) for windows-amd64 JRE (11.0.21+9-LTS), built on Oct  9 2023 18:37:11 by "Administrator" with MS VC++ 16.10 / 16.11 (VS2019)

END.
